[0m04:18:53.735912 [debug] [MainThread]: Sending event: {'category': 'dbt', 'action': 'invocation', 'label': 'start', 'context': [<snowplow_tracker.self_describing_json.SelfDescribingJson object at 0x7d12bdb2ffd0>, <snowplow_tracker.self_describing_json.SelfDescribingJson object at 0x7d12bbaff340>, <snowplow_tracker.self_describing_json.SelfDescribingJson object at 0x7d12bbaff3d0>]}


============================== 04:18:53.745362 | bb113063-c40c-4afc-aef2-65207f6514f7 ==============================
[0m04:18:53.745362 [info ] [MainThread]: Running with dbt=1.6.1
[0m04:18:53.746031 [debug] [MainThread]: running dbt with arguments {'target_path': 'None', 'log_cache_events': 'False', 'log_path': 'logs', 'quiet': 'False', 'fail_fast': 'False', 'partial_parse': 'True', 'use_experimental_parser': 'False', 'static_parser': 'True', 'warn_error_options': 'WarnErrorOptions(include=[], exclude=[])', 'version_check': 'True', 'write_json': 'True', 'invocation_command': 'dbt init', 'printer_width': '80', 'use_colors': 'True', 'warn_error': 'None', 'cache_selected_only': 'False', 'introspect': 'True', 'indirect_selection': 'eager', 'log_format': 'default', 'send_anonymous_usage_stats': 'True', 'profiles_dir': '/home/vscode/.dbt', 'no_print': 'None', 'debug': 'False'}
[0m04:18:53.746539 [warn ] [MainThread]: [ConfigFolderDirectory]: Unable to parse dict {'dir': PosixPath('/home/vscode/.dbt')}
[0m04:18:53.747022 [info ] [MainThread]: Creating dbt configuration folder at 
[0m04:19:04.521304 [debug] [MainThread]: Starter project path: /home/vscode/.local/lib/python3.10/site-packages/dbt/include/starter_project
[0m04:19:04.527544 [info ] [MainThread]: 
Your new dbt project "nyc_parking_voilations_ak" was created!

For more information on how to configure the profiles.yml file,
please consult the dbt documentation here:

  https://docs.getdbt.com/docs/configure-your-profile

One more thing:

Need help? Don't hesitate to reach out to us via GitHub issues or on Slack:

  https://community.getdbt.com/

Happy modeling!

[0m04:19:04.528497 [info ] [MainThread]: Setting up your profile.
[0m04:19:09.557946 [info ] [MainThread]: No sample profile found for duckdb.
[0m04:19:09.558819 [debug] [MainThread]: Command `dbt init` succeeded at 04:19:09.558663 after 15.83 seconds
[0m04:19:09.559286 [debug] [MainThread]: Sending event: {'category': 'dbt', 'action': 'invocation', 'label': 'end', 'context': [<snowplow_tracker.self_describing_json.SelfDescribingJson object at 0x7d12bdb2ffd0>, <snowplow_tracker.self_describing_json.SelfDescribingJson object at 0x7d12bb9fb3d0>, <snowplow_tracker.self_describing_json.SelfDescribingJson object at 0x7d12bb9fb4f0>]}
[0m04:19:09.559791 [debug] [MainThread]: Flushing usage events
[0m04:36:32.188864 [debug] [MainThread]: Sending event: {'category': 'dbt', 'action': 'invocation', 'label': 'start', 'context': [<snowplow_tracker.self_describing_json.SelfDescribingJson object at 0x7caf4a1de530>, <snowplow_tracker.self_describing_json.SelfDescribingJson object at 0x7caf4813f1f0>, <snowplow_tracker.self_describing_json.SelfDescribingJson object at 0x7caf4813f2b0>]}


============================== 04:36:32.194312 | 5d496bb3-9cee-4329-ae4d-94113ceb902c ==============================
[0m04:36:32.194312 [info ] [MainThread]: Running with dbt=1.6.1
[0m04:36:32.195013 [debug] [MainThread]: running dbt with arguments {'no_print': 'None', 'write_json': 'True', 'warn_error_options': 'WarnErrorOptions(include=[], exclude=[])', 'warn_error': 'None', 'fail_fast': 'False', 'log_path': 'logs', 'log_format': 'default', 'log_cache_events': 'False', 'version_check': 'True', 'introspect': 'True', 'target_path': 'None', 'partial_parse': 'True', 'profiles_dir': '/home/vscode/.dbt', 'cache_selected_only': 'False', 'static_parser': 'True', 'invocation_command': 'dbt run', 'indirect_selection': 'eager', 'debug': 'False', 'printer_width': '80', 'use_colors': 'True', 'send_anonymous_usage_stats': 'True', 'use_experimental_parser': 'False', 'quiet': 'False'}
[0m04:36:32.195614 [error] [MainThread]: Encountered an error:
Runtime Error
  No dbt_project.yml found at expected path /workspaces/data-engineering-with-data-build-tool-dbt-4458303/dbt_project.yml
  Verify that each entry within packages.yml (and their transitive dependencies) contains a file named dbt_project.yml
  
[0m04:36:32.196262 [debug] [MainThread]: Command `dbt run` failed at 04:36:32.196143 after 0.01 seconds
[0m04:36:32.196698 [debug] [MainThread]: Sending event: {'category': 'dbt', 'action': 'invocation', 'label': 'end', 'context': [<snowplow_tracker.self_describing_json.SelfDescribingJson object at 0x7caf4a1de530>, <snowplow_tracker.self_describing_json.SelfDescribingJson object at 0x7caf480173a0>, <snowplow_tracker.self_describing_json.SelfDescribingJson object at 0x7caf48017430>]}
[0m04:36:32.197147 [debug] [MainThread]: Flushing usage events
[0m05:36:17.726917 [debug] [MainThread]: Sending event: {'category': 'dbt', 'action': 'invocation', 'label': 'start', 'context': [<snowplow_tracker.self_describing_json.SelfDescribingJson object at 0x7a755bd02530>, <snowplow_tracker.self_describing_json.SelfDescribingJson object at 0x7a7559c471f0>, <snowplow_tracker.self_describing_json.SelfDescribingJson object at 0x7a7559c472b0>]}


============================== 05:36:17.961206 | ff0027a3-c734-4c19-8a65-50aae847999d ==============================
[0m05:36:17.961206 [info ] [MainThread]: Running with dbt=1.6.1
[0m05:36:17.962553 [debug] [MainThread]: running dbt with arguments {'write_json': 'True', 'debug': 'False', 'use_experimental_parser': 'False', 'log_path': 'logs', 'indirect_selection': 'eager', 'log_format': 'default', 'no_print': 'None', 'introspect': 'True', 'fail_fast': 'False', 'send_anonymous_usage_stats': 'True', 'cache_selected_only': 'False', 'invocation_command': 'dbt run', 'partial_parse': 'True', 'profiles_dir': '/home/vscode/.dbt', 'use_colors': 'True', 'log_cache_events': 'False', 'warn_error': 'None', 'static_parser': 'True', 'version_check': 'True', 'warn_error_options': 'WarnErrorOptions(include=[], exclude=[])', 'printer_width': '80', 'quiet': 'False', 'target_path': 'None'}
[0m05:36:17.963172 [error] [MainThread]: Encountered an error:
Runtime Error
  No dbt_project.yml found at expected path /workspaces/data-engineering-with-data-build-tool-dbt-4458303/dbt_project.yml
  Verify that each entry within packages.yml (and their transitive dependencies) contains a file named dbt_project.yml
  
[0m05:36:17.963899 [debug] [MainThread]: Command `dbt run` failed at 05:36:17.963758 after 0.24 seconds
[0m05:36:17.964364 [debug] [MainThread]: Sending event: {'category': 'dbt', 'action': 'invocation', 'label': 'end', 'context': [<snowplow_tracker.self_describing_json.SelfDescribingJson object at 0x7a755bd02530>, <snowplow_tracker.self_describing_json.SelfDescribingJson object at 0x7a7559b573a0>, <snowplow_tracker.self_describing_json.SelfDescribingJson object at 0x7a7559b57430>]}
[0m05:36:17.964872 [debug] [MainThread]: Flushing usage events
